bestdoStadium_V2.7.0/bestdoStadium_V270/build/outputs/logs/manifest-merger-release-report.txt
-- Merging decision tree log ---
manifest
ADDED from src\main\AndroidManifest.xml:2:1-558:12
INJECTED from src\main\AndroidManifest.xml:2:1-558:12
INJECTED from src\main\AndroidManifest.xml:2:1-558:12
INJECTED from src\main\AndroidManifest.xml:2:1-558:12
MERGED from [:library_zhy_progressbar] AndroidManifest.xml:2:1-18:12
MERGED from [:mainActivity] AndroidManifest.xml:2:1-31:12
MERGED from [:xRefreshView] AndroidManifest.xml:2:1-13:12
MERGED from [com.android.support:support-v4:21.0.3] AndroidManifest.xml:14:4-17:12
INJECTED from src\main\AndroidManifest.xml:2:1-558:12
INJECTED from src\main\AndroidManifest.xml:2:1-558:12
INJECTED from src\main\AndroidManifest.xml:2:1-558:12
	package
		ADDED from src\main\AndroidManifest.xml:3:5-40
		INJECTED from src\main\AndroidManifest.xml
		INJECTED from src\main\AndroidManifest.xml
	android:versionName
		ADDED from src\main\AndroidManifest.xml:5:5-32
		INJECTED from src\main\AndroidManifest.xml
		INJECTED from src\main\AndroidManifest.xml
	xmlns:android
		ADDED from src\main\AndroidManifest.xml:2:11-69
	android:versionCode
		ADDED from src\main\AndroidManifest.xml:4:5-29
		INJECTED from src\main\AndroidManifest.xml
		INJECTED from src\main\AndroidManifest.xml
uses-sdk
ADDED from src\main\AndroidManifest.xml:83:5-85:41
INJECTED from src\main\AndroidManifest.xml:83:5-85:41
INJECTED from src\main\AndroidManifest.xml:83:5-85:41
MERGED from [:library_zhy_progressbar] AndroidManifest.xml:7:5-9:41
MERGED from [:library_zhy_progressbar] AndroidManifest.xml:7:5-9:41
MERGED from [:mainActivity] AndroidManifest.xml:7:5-9:41
MERGED from [:mainActivity] AndroidManifest.xml:7:5-9:41
MERGED from [:xRefreshView] AndroidManifest.xml:7:5-9:41
MERGED from [:xRefreshView] AndroidManifest.xml:7:5-9:41
MERGED from [com.android.support:support-v4:21.0.3] AndroidManifest.xml:15:5-42
MERGED from [com.android.support:support-v4:21.0.3] AndroidManifest.xml:15:5-42
INJECTED from src\main\AndroidManifest.xml:83:5-85:41
INJECTED from src\main\AndroidManifest.xml:83:5-85:41
	android:targetSdkVersion
		ADDED from src\main\AndroidManifest.xml:85:9-38
		INJECTED from src\main\AndroidManifest.xml
		INJECTED from src\main\AndroidManifest.xml
	android:minSdkVersion
		ADDED from src\main\AndroidManifest.xml:84:9-35
		INJECTED from src\main\AndroidManifest.xml
		INJECTED from src\main\AndroidManifest.xml
uses-permission#android.permission.RECEIVE_BOOT_COMPLETED
ADDED from src\main\AndroidManifest.xml:87:5-81
	android:name
		ADDED from src\main\AndroidManifest.xml:87:22-78
uses-permission#android.permission.GET_ACCOUNTS
ADDED from src\main\AndroidManifest.xml:88:5-71
	android:name
		ADDED from src\main\AndroidManifest.xml:88:22-68
uses-permission#android.permission.READ_LOGS
ADDED from src\main\AndroidManifest.xml:89:5-68
	android:name
		ADDED from src\main\AndroidManifest.xml:89:22-65
uses-permission#android.permission.KILL_BACKGROUND_PROCESSES
ADDED from src\main\AndroidManifest.xml:90:5-84
	android:name
		ADDED from src\main\AndroidManifest.xml:90:22-81
uses-permission#android.permission.BAIDU_LOCATION_SERVICE
ADDED from src\main\AndroidManifest.xml:91:5-81
	android:name
		ADDED from src\main\AndroidManifest.xml:91:22-78
uses-permission#android.permission.ACCES_MOCK_LOCATION
ADDED from src\main\AndroidManifest.xml:92:5-78
	android:name
		ADDED from src\main\AndroidManifest.xml:92:22-75
uses-permission#android.permission.ACCESS_GPS
ADDED from src\main\AndroidManifest.xml:93:5-69
	android:name
		ADDED from src\main\AndroidManifest.xml:93:22-66
uses-permission#android.permission.GET_TASKS
ADDED from src\main\AndroidManifest.xml:95:5-68
	android:name
		ADDED from src\main\AndroidManifest.xml:95:22-65
uses-permission#android.permission.BROADCAST_STICKY
ADDED from src\main\AndroidManifest.xml:96:5-75
	android:name
		ADDED from src\main\AndroidManifest.xml:96:22-72
uses-permission#android.permission.WRITE_SETTINGS
ADDED from src\main\AndroidManifest.xml:97:5-73
	android:name
		ADDED from src\main\AndroidManifest.xml:97:22-70
uses-permission#android.permission.PROCESS_OUTGOING_CALLS
ADDED from src\main\AndroidManifest.xml:98:5-81
	android:name
		ADDED from src\main\AndroidManifest.xml:98:22-78
uses-permission#android.permission.MODIFY_AUDIO_SETTINGS
ADDED from src\main\AndroidManifest.xml:99:5-80
	android:name
		ADDED from src\main\AndroidManifest.xml:99:22-77
uses-permission#android.permission.RECORD_AUDIO
ADDED from src\main\AndroidManifest.xml:100:5-71
	android:name
		ADDED from src\main\AndroidManifest.xml:100:22-68
uses-feature#android.hardware.camera
ADDED from src\main\AndroidManifest.xml:102:5-60
	android:name
		ADDED from src\main\AndroidManifest.xml:102:19-57
uses-feature#android.hardware.camera.autofocus
ADDED from src\main\AndroidManifest.xml:103:5-70
	android:name
		ADDED from src\main\AndroidManifest.xml:103:19-67
uses-permission#android.permission.WRITE_CONTACTS
ADDED from src\main\AndroidManifest.xml:105:5-73
	android:name
		ADDED from src\main\AndroidManifest.xml:105:22-70
uses-permission#android.permission.CALL_PHONE
ADDED from src\main\AndroidManifest.xml:106:5-69
	android:name
		ADDED from src\main\AndroidManifest.xml:106:22-66
uses-permission#android.webkit.permission.PLUGIN
ADDED from src\main\AndroidManifest.xml:107:5-72
	android:name
		ADDED from src\main\AndroidManifest.xml:107:22-69
uses-permission#android.permission.RUN_INSTRUMENTATION
ADDED from src\main\AndroidManifest.xml:108:5-78
	android:name
		ADDED from src\main\AndroidManifest.xml:108:22-75
uses-permission#android.permission.READ_SMS
ADDED from src\main\AndroidManifest.xml:109:5-67
	android:name
		ADDED from src\main\AndroidManifest.xml:109:22-64
permission#com.bestdo.bestdoStadiums.permission.JPUSH_MESSAGE
ADDED from src\main\AndroidManifest.xml:112:5-114:47
	android:protectionLevel
		ADDED from src\main\AndroidManifest.xml:114:9-44
	android:name
		ADDED from src\main\AndroidManifest.xml:113:9-74
uses-permission#com.bestdo.bestdoStadiums.permission.JPUSH_MESSAGE
ADDED from src\main\AndroidManifest.xml:116:5-90
	android:name
		ADDED from src\main\AndroidManifest.xml:116:22-87
uses-permission#android.permission.RECEIVE_USER_PRESENT
ADDED from src\main\AndroidManifest.xml:117:5-79
	android:name
		ADDED from src\main\AndroidManifest.xml:117:22-76
uses-permission#android.permission.INTERNET
ADDED from src\main\AndroidManifest.xml:118:5-67
MERGED from [:mainActivity] AndroidManifest.xml:11:5-67
MERGED from [:mainActivity] AndroidManifest.xml:11:5-67
	android:name
		ADDED from src\main\AndroidManifest.xml:118:22-64
uses-permission#android.permission.WAKE_LOCK
ADDED from src\main\AndroidManifest.xml:119:5-68
	android:name
		ADDED from src\main\AndroidManifest.xml:119:22-65
uses-permission#android.permission.READ_PHONE_STATE
ADDED from src\main\AndroidManifest.xml:120:5-75
	android:name
		ADDED from src\main\AndroidManifest.xml:120:22-72
uses-permission#android.permission.WRITE_EXTERNAL_STORAGE
ADDED from src\main\AndroidManifest.xml:121:5-81
	android:name
		ADDED from src\main\AndroidManifest.xml:121:22-78
uses-permission#android.permission.WRITE_INTERNAL_STORAGE
ADDED from src\main\AndroidManifest.xml:122:5-81
	android:name
		ADDED from src\main\AndroidManifest.xml:122:22-78
uses-permission#android.permission.READ_EXTERNAL_STORAGE
ADDED from src\main\AndroidManifest.xml:123:5-80
	android:name
		ADDED from src\main\AndroidManifest.xml:123:22-77
uses-permission#android.permission.READ_INTERNAL_STORAGE
ADDED from src\main\AndroidManifest.xml:124:5-80
	android:name
		ADDED from src\main\AndroidManifest.xml:124:22-77
uses-permission#android.permission.VIBRATE
ADDED from src\main\AndroidManifest.xml:125:5-66
	android:name
		ADDED from src\main\AndroidManifest.xml:125:22-63
uses-permission#android.permission.MOUNT_UNMOUNT_FILESYSTEMS
ADDED from src\main\AndroidManifest.xml:126:5-84
	android:name
		ADDED from src\main\AndroidManifest.xml:126:22-81
uses-permission#android.permission.ACCESS_NETWORK_STATE
ADDED from src\main\AndroidManifest.xml:127:5-79
	android:name
		ADDED from src\main\AndroidManifest.xml:127:22-76
uses-permission#android.permission.SYSTEM_ALERT_WINDOW
ADDED from src\main\AndroidManifest.xml:128:5-78
	android:name
		ADDED from src\main\AndroidManifest.xml:128:22-75
uses-permission#android.permission.RESTART_PACKAGES
ADDED from src\main\AndroidManifest.xml:129:5-75
	android:name
		ADDED from src\main\AndroidManifest.xml:129:22-72
uses-permission#android.permission.ACCESS_COARSE_LOCATION
ADDED from src\main\AndroidManifest.xml:131:5-81
	android:name
		ADDED from src\main\AndroidManifest.xml:131:22-78
uses-permission#android.permission.ACCESS_COARSE_UPDATES
ADDED from src\main\AndroidManifest.xml:132:5-80
	android:name
		ADDED from src\main\AndroidManifest.xml:132:22-77
uses-permission#android.permission.ACCESS_WIFI_STATE
ADDED from src\main\AndroidManifest.xml:133:5-76
	android:name
		ADDED from src\main\AndroidManifest.xml:133:22-73
uses-permission#android.permission.ACCESS_FINE_LOCATION
ADDED from src\main\AndroidManifest.xml:135:5-79
	android:name
		ADDED from src\main\AndroidManifest.xml:135:22-76
uses-permission#android.permission.ACCESS_LOCATION_EXTRA_COMMANDS
ADDED from src\main\AndroidManifest.xml:136:5-89
	android:name
		ADDED from src\main\AndroidManifest.xml:136:22-86
uses-permission#android.permission.CHANGE_NETWORK_STATE
ADDED from src\main\AndroidManifest.xml:137:5-79
	android:name
		ADDED from src\main\AndroidManifest.xml:137:22-76
uses-permission#android.permission.NFC
ADDED from src\main\AndroidManifest.xml:138:5-62
	android:name
		ADDED from src\main\AndroidManifest.xml:138:22-59
uses-feature#android.hardware.nfc.hce
ADDED from src\main\AndroidManifest.xml:140:5-61
	android:name
		ADDED from src\main\AndroidManifest.xml:140:19-58
uses-permission#org.simalliance.openmobileapi.SMARTCARD
ADDED from src\main\AndroidManifest.xml:141:5-79
	android:name
		ADDED from src\main\AndroidManifest.xml:141:22-76
supports-screens
ADDED from src\main\AndroidManifest.xml:143:5-148:39
	android:largeScreens
		ADDED from src\main\AndroidManifest.xml:145:9-36
	android:smallScreens
		ADDED from src\main\AndroidManifest.xml:148:9-36
	android:normalScreens
		ADDED from src\main\AndroidManifest.xml:146:9-37
	android:resizeable
		ADDED from src\main\AndroidManifest.xml:147:9-34
	android:anyDensity
		ADDED from src\main\AndroidManifest.xml:144:9-34
application
ADDED from src\main\AndroidManifest.xml:150:5-556:19
MERGED from [:library_zhy_progressbar] AndroidManifest.xml:11:5-16:19
MERGED from [:library_zhy_progressbar] AndroidManifest.xml:11:5-16:19
MERGED from [:mainActivity] AndroidManifest.xml:13:5-29:19
MERGED from [:mainActivity] AndroidManifest.xml:13:5-29:19
MERGED from [:xRefreshView] AndroidManifest.xml:11:5-20
MERGED from [:xRefreshView] AndroidManifest.xml:11:5-20
MERGED from [com.android.support:support-v4:21.0.3] AndroidManifest.xml:16:5-19
MERGED from [com.android.support:support-v4:21.0.3] AndroidManifest.xml:16:5-19
	android:label
		ADDED from src\main\AndroidManifest.xml:153:9-41
	android:allowBackup
		ADDED from [:library_zhy_progressbar] AndroidManifest.xml:12:9-35
	android:persistent
		ADDED from src\main\AndroidManifest.xml:154:9-34
	android:icon
		ADDED from src\main\AndroidManifest.xml:152:9-45
	android:theme
		ADDED from src\main\AndroidManifest.xml:155:9-40
	android:name
		ADDED from src\main\AndroidManifest.xml:151:9-79
meta-data#com.baidu.lbsapi.API_KEY
ADDED from src\main\AndroidManifest.xml:169:9-171:56
	android:value
		ADDED from src\main\AndroidManifest.xml:171:13-53
	android:name
		ADDED from src\main\AndroidManifest.xml:170:13-52
activity#com.bestdo.bestdoStadiums.control.activity.BaseActivity
ADDED from src\main\AndroidManifest.xml:174:9-178:45
	android:label
		ADDED from src\main\AndroidManifest.xml:177:13-45
	android:launchMode
		ADDED from src\main\AndroidManifest.xml:178:13-42
	android:configChanges
		ADDED from src\main\AndroidManifest.xml:176:13-63
	android:name
		ADDED from src\main\AndroidManifest.xml:175:13-83
activity#com.bestdo.bestdoStadiums.control.map.BNavigatorActivity
ADDED from src\main\AndroidManifest.xml:179:9-181:48
	android:label
		ADDED from src\main\AndroidManifest.xml:181:13-45
	android:name
		ADDED from src\main\AndroidManifest.xml:180:13-84
activity#com.bestdo.bestdoStadiums.control.activity.WelcomeStartActiyity
ADDED from src\main\AndroidManifest.xml:182:9-191:20
	android:launchMode
		ADDED from src\main\AndroidManifest.xml:184:13-42
	android:theme
		ADDED from src\main\AndroidManifest.xml:185:13-60
	android:name
		ADDED from src\main\AndroidManifest.xml:183:13-91
intent-filter#android.intent.action.MAIN+android.intent.category.LAUNCHER
ADDED from src\main\AndroidManifest.xml:186:13-190:29
action#android.intent.action.MAIN
ADDED from src\main\AndroidManifest.xml:187:17-69
	android:name
		ADDED from src\main\AndroidManifest.xml:187:25-66
category#android.intent.category.LAUNCHER
ADDED from src\main\AndroidManifest.xml:189:17-77
	android:name
		ADDED from src\main\AndroidManifest.xml:189:27-74
activity#com.bestdo.bestdoStadiums.control.activity.HomeActivity
ADDED from src\main\AndroidManifest.xml:192:9-197:20
	android:launchMode
		ADDED from src\main\AndroidManifest.xml:194:13-44
	android:windowSoftInputMode
		ADDED from src\main\AndroidManifest.xml:196:13-67
	android:theme
		ADDED from src\main\AndroidManifest.xml:195:13-60
	android:name
		ADDED from src\main\AndroidManifest.xml:193:13-83
activity#com.bestdo.bestdoStadiums.control.activity.WelcomeGuideActivity
ADDED from src\main\AndroidManifest.xml:198:9-200:63
	android:theme
		ADDED from src\main\AndroidManifest.xml:200:13-60
	android:name
		ADDED from src\main\AndroidManifest.xml:199:13-91
activity#com.bestdo.bestdoStadiums.control.activity.UserLoginActivity
ADDED from src\main\AndroidManifest.xml:202:9-204:47
	android:launchMode
		ADDED from src\main\AndroidManifest.xml:204:13-44
	android:name
		ADDED from src\main\AndroidManifest.xml:203:13-88
activity#com.bestdo.bestdoStadiums.control.activity.UserFindPWActivity
ADDED from src\main\AndroidManifest.xml:205:9-98
	android:name
		ADDED from src\main\AndroidManifest.xml:205:19-95
activity#com.bestdo.bestdoStadiums.control.activity.UserRegistActivity
ADDED from src\main\AndroidManifest.xml:206:9-98
	android:name
		ADDED from src\main\AndroidManifest.xml:206:19-95
activity#com.bestdo.bestdoStadiums.control.activity.UserRegistSetPwActivity
ADDED from src\main\AndroidManifest.xml:207:9-103
	android:name
		ADDED from src\main\AndroidManifest.xml:207:19-100
activity#com.bestdo.bestdoStadiums.control.activity.WalkActivity
ADDED from src\main\AndroidManifest.xml:209:9-92
	android:name
		ADDED from src\main\AndroidManifest.xml:209:19-89
activity#com.bestdo.bestdoStadiums.control.activity.WalkRankActivity
ADDED from src\main\AndroidManifest.xml:210:9-96
	android:name
		ADDED from src\main\AndroidManifest.xml:210:19-93
activity#com.bestdo.bestdoStadiums.control.activity.UserBalanceActivity
ADDED from src\main\AndroidManifest.xml:212:9-214:47
	android:launchMode
		ADDED from src\main\AndroidManifest.xml:214:13-44
	android:name
		ADDED from src\main\AndroidManifest.xml:213:13-90
activity#com.bestdo.bestdoStadiums.control.activity.UserBalanceDetailActivity
ADDED from src\main\AndroidManifest.xml:215:9-105
	android:name
		ADDED from src\main\AndroidManifest.xml:215:19-102
activity#com.bestdo.bestdoStadiums.control.activity.UserCardsTabActivity
ADDED from src\main\AndroidManifest.xml:216:9-100
	android:name
		ADDED from src\main\AndroidManifest.xml:216:19-97
activity#com.bestdo.bestdoStadiums.control.activity.UserCollectActivity
ADDED from src\main\AndroidManifest.xml:217:9-99
	android:name
		ADDED from src\main\AndroidManifest.xml:217:19-96
activity#com.bestdo.bestdoStadiums.control.activity.UserCenterActivity
ADDED from src\main\AndroidManifest.xml:218:9-98
	android:name
		ADDED from src\main\AndroidManifest.xml:218:19-95
activity#com.bestdo.bestdoStadiums.control.activity.UserAccountActivity
ADDED from src\main\AndroidManifest.xml:219:9-99
	android:name
		ADDED from src\main\AndroidManifest.xml:219:19-96
activity#com.bestdo.bestdoStadiums.control.activity.UserWalking
ADDED from src\main\AndroidManifest.xml:220:9-91
	android:name
		ADDED from src\main\AndroidManifest.xml:220:19-88
activity#com.bestdo.bestdoStadiums.control.activity.UserWalkingTrack
ADDED from src\main\AndroidManifest.xml:221:9-96
	android:name
		ADDED from src\main\AndroidManifest.xml:221:19-93
activity#com.bestdo.bestdoStadiums.control.activity.UserWalkingTraceActivity
ADDED from src\main\AndroidManifest.xml:222:9-104
	android:name
		ADDED from src\main\AndroidManifest.xml:222:19-101
activity#com.bestdo.bestdoStadiums.control.activity.UserWalkingHistoryActivity
ADDED from src\main\AndroidManifest.xml:223:9-106
	android:name
		ADDED from src\main\AndroidManifest.xml:223:19-103
activity#com.bestdo.bestdoStadiums.control.activity.UserWalkingRankActivity
ADDED from src\main\AndroidManifest.xml:224:9-103
	android:name
		ADDED from src\main\AndroidManifest.xml:224:19-100
activity#com.bestdo.bestdoStadiums.control.activity.UserAccountUpdateActivity
ADDED from src\main\AndroidManifest.xml:225:9-105
	android:name
		ADDED from src\main\AndroidManifest.xml:225:19-102
activity#com.bestdo.bestdoStadiums.control.activity.UserAccountUpdateSexActivity
ADDED from src\main\AndroidManifest.xml:226:9-108
	android:name
		ADDED from src\main\AndroidManifest.xml:226:19-105
activity#com.bestdo.bestdoStadiums.control.activity.UserSetActivity
ADDED from src\main\AndroidManifest.xml:227:9-95
	android:name
		ADDED from src\main\AndroidManifest.xml:227:19-92
activity#com.bestdo.bestdoStadiums.control.activity.UserSetUpdatePwActivity
ADDED from src\main\AndroidManifest.xml:228:9-103
	android:name
		ADDED from src\main\AndroidManifest.xml:228:19-100
activity#com.bestdo.bestdoStadiums.control.activity.UserSetUpdateSetPwActivity
ADDED from src\main\AndroidManifest.xml:229:9-106
	android:name
		ADDED from src\main\AndroidManifest.xml:229:19-103
activity#com.bestdo.bestdoStadiums.control.activity.UserAboutActiyity
ADDED from src\main\AndroidManifest.xml:230:9-97
	android:name
		ADDED from src\main\AndroidManifest.xml:230:19-94
activity#com.bestdo.bestdoStadiums.control.activity.UserSendIdearActivity
ADDED from src\main\AndroidManifest.xml:231:9-101
	android:name
		ADDED from src\main\AndroidManifest.xml:231:19-98
activity#com.bestdo.bestdoStadiums.control.activity.UserQiYeCardsActivity
ADDED from src\main\AndroidManifest.xml:232:9-101
	android:name
		ADDED from src\main\AndroidManifest.xml:232:19-98
activity#com.bestdo.bestdoStadiums.control.activity.UserOrderActivity
ADDED from src\main\AndroidManifest.xml:233:9-97
	android:name
		ADDED from src\main\AndroidManifest.xml:233:19-94
activity#com.bestdo.bestdoStadiums.control.activity.UserOrderShengHuoActivity
ADDED from src\main\AndroidManifest.xml:234:9-105
	android:name
		ADDED from src\main\AndroidManifest.xml:234:19-102
activity#com.bestdo.bestdoStadiums.control.activity.UserOrderDetailsActivity
ADDED from src\main\AndroidManifest.xml:235:9-104
	android:name
		ADDED from src\main\AndroidManifest.xml:235:19-101
activity#com.bestdo.bestdoStadiums.control.activity.UserOrderUnsubscribActivity
ADDED from src\main\AndroidManifest.xml:236:9-107
	android:name
		ADDED from src\main\AndroidManifest.xml:236:19-104
activity#com.bestdo.bestdoStadiums.control.activity.UserCardsActivity
ADDED from src\main\AndroidManifest.xml:237:9-97
	android:name
		ADDED from src\main\AndroidManifest.xml:237:19-94
activity#com.bestdo.bestdoStadiums.control.activity.UserCardDetailActivity
ADDED from src\main\AndroidManifest.xml:238:9-102
	android:name
		ADDED from src\main\AndroidManifest.xml:238:19-99
activity#com.bestdo.bestdoStadiums.control.activity.UserCardsActivateActivity
ADDED from src\main\AndroidManifest.xml:239:9-105
	android:name
		ADDED from src\main\AndroidManifest.xml:239:19-102
activity#com.bestdo.bestdoStadiums.control.activity.UserCardAbstractActivity
ADDED from src\main\AndroidManifest.xml:240:9-104
	android:name
		ADDED from src\main\AndroidManifest.xml:240:19-101
activity#com.bestdo.bestdoStadiums.control.activity.UserCardsBuyActivity
ADDED from src\main\AndroidManifest.xml:241:9-100
	android:name
		ADDED from src\main\AndroidManifest.xml:241:19-97
activity#com.bestdo.bestdoStadiums.control.activity.CampaignGoodMomentsActivity
ADDED from src\main\AndroidManifest.xml:242:9-107
	android:name
		ADDED from src\main\AndroidManifest.xml:242:19-104
activity#com.bestdo.bestdoStadiums.control.activity.UserCardMiDetailActivity
ADDED from src\main\AndroidManifest.xml:243:9-104
	android:name
		ADDED from src\main\AndroidManifest.xml:243:19-101
activity#com.bestdo.bestdoStadiums.control.activity.CampaignGMPublicActivity
ADDED from src\main\AndroidManifest.xml:244:9-104
	android:name
		ADDED from src\main\AndroidManifest.xml:244:19-101
activity#com.bestdo.bestdoStadiums.control.photo.activity.ImageFile
ADDED from src\main\AndroidManifest.xml:245:9-95
	android:name
		ADDED from src\main\AndroidManifest.xml:245:19-92
activity#com.bestdo.bestdoStadiums.control.photo.activity.ShowAllPhoto
ADDED from src\main\AndroidManifest.xml:246:9-98
	android:name
		ADDED from src\main\AndroidManifest.xml:246:19-95
activity#com.bestdo.bestdoStadiums.control.photo.activity.GalleryActivity
ADDED from src\main\AndroidManifest.xml:247:9-101
	android:name
		ADDED from src\main\AndroidManifest.xml:247:19-98
activity#com.bestdo.bestdoStadiums.control.activity.ClubSelectActivity
ADDED from src\main\AndroidManifest.xml:248:9-98
	android:name
		ADDED from src\main\AndroidManifest.xml:248:19-95
activity#com.bestdo.bestdoStadiums.control.activity.UserMeberActiyity
ADDED from src\main\AndroidManifest.xml:249:9-97
	android:name
		ADDED from src\main\AndroidManifest.xml:249:19-94
activity#com.bestdo.bestdoStadiums.control.activity.UserMeberCashActiyity
ADDED from src\main\AndroidManifest.xml:250:9-252:70
	android:windowSoftInputMode
		ADDED from src\main\AndroidManifest.xml:252:13-67
	android:name
		ADDED from src\main\AndroidManifest.xml:251:13-92
activity#com.bestdo.bestdoStadiums.control.activity.UserMeberResultActiyity
ADDED from src\main\AndroidManifest.xml:253:9-103
	android:name
		ADDED from src\main\AndroidManifest.xml:253:19-100
activity#com.bestdo.bestdoStadiums.control.activity.MainPersonActivity
ADDED from src\main\AndroidManifest.xml:255:9-257:70
	android:windowSoftInputMode
		ADDED from src\main\AndroidManifest.xml:257:13-67
	android:name
		ADDED from src\main\AndroidManifest.xml:256:13-89
activity#com.bestdo.bestdoStadiums.control.activity.MainActivity
ADDED from src\main\AndroidManifest.xml:258:9-260:70
	android:windowSoftInputMode
		ADDED from src\main\AndroidManifest.xml:260:13-67
	android:name
		ADDED from src\main\AndroidManifest.xml:259:13-83
activity#com.bestdo.bestdoStadiums.control.activity.MainBannerActivity
ADDED from src\main\AndroidManifest.xml:261:9-263:50
	android:hardwareAccelerated
		ADDED from src\main\AndroidManifest.xml:263:13-47
	android:name
		ADDED from src\main\AndroidManifest.xml:262:13-89
activity#com.bestdo.bestdoStadiums.control.activity.MainNavImgActivity
ADDED from src\main\AndroidManifest.xml:264:9-267:47
	android:launchMode
		ADDED from src\main\AndroidManifest.xml:267:13-44
	android:hardwareAccelerated
		ADDED from src\main\AndroidManifest.xml:266:13-47
	android:name
		ADDED from src\main\AndroidManifest.xml:265:13-89
activity#com.bestdo.bestdoStadiums.control.activity.StadiumMapActivity
ADDED from src\main\AndroidManifest.xml:268:9-98
	android:name
		ADDED from src\main\AndroidManifest.xml:268:19-95
activity#com.bestdo.bestdoStadiums.control.activity.StadiumListActivity
ADDED from src\main\AndroidManifest.xml:269:9-99
	android:name
		ADDED from src\main\AndroidManifest.xml:269:19-96
activity#com.bestdo.bestdoStadiums.control.activity.SearchCityActivity
ADDED from src\main\AndroidManifest.xml:270:9-98
	android:name
		ADDED from src\main\AndroidManifest.xml:270:19-95
activity#com.bestdo.bestdoStadiums.control.activity.StadiumDetailActivity
ADDED from src\main\AndroidManifest.xml:271:9-101
	android:name
		ADDED from src\main\AndroidManifest.xml:271:19-98
activity#com.bestdo.bestdoStadiums.control.activity.StadiumDetailMapActivity
ADDED from src\main\AndroidManifest.xml:272:9-104
	android:name
		ADDED from src\main\AndroidManifest.xml:272:19-101
activity#com.bestdo.bestdoStadiums.control.activity.UserCardsMiActivity
ADDED from src\main\AndroidManifest.xml:273:9-99
	android:name
		ADDED from src\main\AndroidManifest.xml:273:19-96
activity#com.bestdo.bestdoStadiums.control.activity.UserWalkingTiShiActivity
ADDED from src\main\AndroidManifest.xml:274:9-104
	android:name
		ADDED from src\main\AndroidManifest.xml:274:19-101
activity#com.bestdo.bestdoStadiums.control.activity.UserWalkingActivity
ADDED from src\main\AndroidManifest.xml:275:9-99
	android:name
		ADDED from src\main\AndroidManifest.xml:275:19-96
activity#com.bestdo.bestdoStadiums.control.activity.SearchKeyWordActivity
ADDED from src\main\AndroidManifest.xml:276:9-278:74
	android:windowSoftInputMode
		ADDED from src\main\AndroidManifest.xml:278:13-71
	android:name
		ADDED from src\main\AndroidManifest.xml:277:13-92
activity#com.bestdo.bestdoStadiums.control.activity.CreatOrdersActivity
ADDED from src\main\AndroidManifest.xml:279:9-281:47
	android:launchMode
		ADDED from src\main\AndroidManifest.xml:281:13-44
	android:name
		ADDED from src\main\AndroidManifest.xml:280:13-90
activity#com.bestdo.bestdoStadiums.control.activity.Success_Pay
ADDED from src\main\AndroidManifest.xml:282:9-91
	android:name
		ADDED from src\main\AndroidManifest.xml:282:19-88
activity#com.bestdo.bestdoStadiums.control.activity.CardSuccess_Pay
ADDED from src\main\AndroidManifest.xml:283:9-95
	android:name
		ADDED from src\main\AndroidManifest.xml:283:19-92
activity#com.bestdo.bestdoStadiums.control.activity.Success_YuDing
ADDED from src\main\AndroidManifest.xml:284:9-94
	android:name
		ADDED from src\main\AndroidManifest.xml:284:19-91
activity#com.bestdo.bestdoStadiums.control.activity.Success_Faliure
ADDED from src\main\AndroidManifest.xml:285:9-95
	android:name
		ADDED from src\main\AndroidManifest.xml:285:19-92
activity#com.bestdo.bestdoStadiums.control.activity.CreatOrdersGetVenuePYLWActivity
ADDED from src\main\AndroidManifest.xml:286:9-111
	android:name
		ADDED from src\main\AndroidManifest.xml:286:19-108
activity#com.bestdo.bestdoStadiums.control.activity.CreateOrderSelectCardsActivity
ADDED from src\main\AndroidManifest.xml:287:9-110
	android:name
		ADDED from src\main\AndroidManifest.xml:287:19-107
activity#com.bestdo.bestdoStadiums.control.activity.CreatOrdersBuyCardActivity
ADDED from src\main\AndroidManifest.xml:288:9-106
	android:name
		ADDED from src\main\AndroidManifest.xml:288:19-103
activity#com.bestdo.bestdoStadiums.control.activity.Success_outtime
ADDED from src\main\AndroidManifest.xml:289:9-95
	android:name
		ADDED from src\main\AndroidManifest.xml:289:19-92
activity#com.bestdo.bestdoStadiums.control.activity.Success_Off
ADDED from src\main\AndroidManifest.xml:290:9-91
	android:name
		ADDED from src\main\AndroidManifest.xml:290:19-88
activity#com.bestdo.bestdoStadiums.control.activity.Success_Balanceresult
ADDED from src\main\AndroidManifest.xml:291:9-101
	android:name
		ADDED from src\main\AndroidManifest.xml:291:19-98
activity#com.bestdo.bestdoStadiums.control.activity.Success_OrderUnsubscrib
ADDED from src\main\AndroidManifest.xml:292:9-103
	android:name
		ADDED from src\main\AndroidManifest.xml:292:19-100
activity#com.bestdo.bestdoStadiums.control.activity.CampaignQuartMainActivity
ADDED from src\main\AndroidManifest.xml:293:9-105
	android:name
		ADDED from src\main\AndroidManifest.xml:293:19-102
activity#com.bestdo.bestdoStadiums.control.activity.CampaignPublishActivity
ADDED from src\main\AndroidManifest.xml:294:9-103
	android:name
		ADDED from src\main\AndroidManifest.xml:294:19-100
activity#com.bestdo.bestdoStadiums.control.activity.CampaignDetailActivity
ADDED from src\main\AndroidManifest.xml:295:9-102
	android:name
		ADDED from src\main\AndroidManifest.xml:295:19-99
activity#com.bestdo.bestdoStadiums.control.activity.CampaignListActivity
ADDED from src\main\AndroidManifest.xml:296:9-100
	android:name
		ADDED from src\main\AndroidManifest.xml:296:19-97
activity#com.bestdo.bestdoStadiums.control.activity.CampaignBaoMingUsersListActivity
ADDED from src\main\AndroidManifest.xml:297:9-112
	android:name
		ADDED from src\main\AndroidManifest.xml:297:19-109
activity#com.bestdo.bestdoStadiums.control.activity.CampaignManagementActivity
ADDED from src\main\AndroidManifest.xml:298:9-106
	android:name
		ADDED from src\main\AndroidManifest.xml:298:19-103
activity#com.bestdo.bestdoStadiums.control.activity.CampaignManagerDetailActivity
ADDED from src\main\AndroidManifest.xml:299:9-109
	android:name
		ADDED from src\main\AndroidManifest.xml:299:19-106
activity#com.bestdo.bestdoStadiums.control.activity.CampaignCancelActivity
ADDED from src\main\AndroidManifest.xml:300:9-102
	android:name
		ADDED from src\main\AndroidManifest.xml:300:19-99
activity#com.bestdo.bestdoStadiums.control.activity.ClubActivity
ADDED from src\main\AndroidManifest.xml:301:9-92
	android:name
		ADDED from src\main\AndroidManifest.xml:301:19-89
activity#com.bestdo.bestdoStadiums.control.activity.ClubUsersListActivity
ADDED from src\main\AndroidManifest.xml:302:9-101
	android:name
		ADDED from src\main\AndroidManifest.xml:302:19-98
activity#com.bestdo.bestdoStadiums.control.activity.CampaignQianDaoActivity
ADDED from src\main\AndroidManifest.xml:303:9-103
	android:name
		ADDED from src\main\AndroidManifest.xml:303:19-100
activity#com.bestdo.bestdoStadiums.control.activity.CampaignRegularListActivity
ADDED from src\main\AndroidManifest.xml:304:9-107
	android:name
		ADDED from src\main\AndroidManifest.xml:304:19-104
activity#com.bestdo.bestdoStadiums.control.activity.MessageActivity
ADDED from src\main\AndroidManifest.xml:305:9-95
	android:name
		ADDED from src\main\AndroidManifest.xml:305:19-92